{
  "stats": {
    "suites": 1,
    "tests": 2,
    "passes": 2,
    "pending": 0,
    "failures": 0,
    "start": "2026-01-26T17:56:44.618Z",
    "end": "2026-01-26T17:56:45.667Z",
    "duration": 1049,
    "testsRegistered": 2,
    "passPercent": 100,
    "pendingPercent": 0,
    "other": 0,
    "hasOther": false,
    "skipped": 0,
    "hasSkipped": false
  },
  "results": [
    {
      "uuid": "d01c6e61-d2ed-4743-ad23-4f36b59a11d9",
      "title": "",
      "fullFile": "cypress/e2e/post.api.cy.js",
      "file": "cypress/e2e/post.api.cy.js",
      "beforeHooks": [],
      "afterHooks": [],
      "tests": [],
      "suites": [
        {
          "uuid": "075cdaf1-be0c-4d65-b18f-3f326a52a2b6",
          "title": "Criar um dispositivo",
          "fullFile": "",
          "file": "",
          "beforeHooks": [],
          "afterHooks": [],
          "tests": [
            {
              "title": "Criando um dispositivo",
              "fullTitle": "Criar um dispositivo Criando um dispositivo",
              "timedOut": null,
              "duration": 520,
              "state": "passed",
              "speed": "fast",
              "pass": true,
              "fail": false,
              "pending": false,
              "context": null,
              "code": "cy.CadastrarDevice(body).as(\"ResultPost\");\ncy.get(\"@ResultPost\").then(response => {\n  expect(response.status).equal(200);\n  expect(response.body.id).not.empty;\n  expect(response.body.createdAt).not.empty;\n  expect(response.body.createdAt.slice(0, 10)).equal(dataAtual);\n  //verificar se a data de criação é a mesma de hoje\n  console.log(response.body.createdAt.slice(0, 10));\n  console.log(new Date().toISOString().slice(0, 10)); //retorna a data de hoje sem o horário\n});",
              "err": {},
              "uuid": "5cc9635e-5cc9-4666-b4f9-55de809e270d",
              "parentUUID": "075cdaf1-be0c-4d65-b18f-3f326a52a2b6",
              "isHook": false,
              "skipped": false
            },
            {
              "title": "Cadastrar um dispositivo sem mandar dados",
              "fullTitle": "Criar um dispositivo Cadastrar um dispositivo sem mandar dados",
              "timedOut": null,
              "duration": 500,
              "state": "passed",
              "speed": "fast",
              "pass": true,
              "fail": false,
              "pending": false,
              "context": null,
              "code": "cy.CadastrarDevice().as(\"ResultPost\");\ncy.get(\"@ResultPost\").then(response => {\n  expect(response.status).equal(400);\n  expect(response.body.error).equal(\"400 Bad Request. If you are trying to create or update the data, potential issue is that you are sending incorrect body json or it is missing at all.\");\n});",
              "err": {},
              "uuid": "4663c58a-7b7e-4bda-986f-d91ed03a1c96",
              "parentUUID": "075cdaf1-be0c-4d65-b18f-3f326a52a2b6",
              "isHook": false,
              "skipped": false
            }
          ],
          "suites": [],
          "passes": [
            "5cc9635e-5cc9-4666-b4f9-55de809e270d",
            "4663c58a-7b7e-4bda-986f-d91ed03a1c96"
          ],
          "failures": [],
          "pending": [],
          "skipped": [],
          "duration": 1020,
          "root": false,
          "rootEmpty": false,
          "_timeout": 2000
        }
      ],
      "passes": [],
      "failures": [],
      "pending": [],
      "skipped": [],
      "duration": 0,
      "root": true,
      "rootEmpty": true,
      "_timeout": 2000
    }
  ],
  "meta": {
    "mocha": {
      "version": "7.2.0"
    },
    "mochawesome": {
      "options": {
        "quiet": false,
        "reportFilename": "mochawesome",
        "saveHtml": false,
        "saveJson": true,
        "consoleReporter": "spec",
        "useInlineDiffs": false,
        "code": true
      },
      "version": "7.1.3"
    },
    "marge": {
      "options": {
        "overwrite": false,
        "html": false,
        "json": true,
        "reportDir": "cypress/reports/html/.jsons"
      },
      "version": "6.2.0"
    }
  }
}