{
  "stats": {
    "suites": 1,
    "tests": 2,
    "passes": 2,
    "pending": 0,
    "failures": 0,
    "start": "2025-08-20T21:35:04.561Z",
    "end": "2025-08-20T21:35:05.828Z",
    "duration": 1267,
    "testsRegistered": 2,
    "passPercent": 100,
    "pendingPercent": 0,
    "other": 0,
    "hasOther": false,
    "skipped": 0,
    "hasSkipped": false
  },
  "results": [
    {
      "uuid": "391fb85f-4658-4408-9278-cc92b6709f74",
      "title": "",
      "fullFile": "cypress\\e2e\\get.api.cy.js",
      "file": "cypress\\e2e\\get.api.cy.js",
      "beforeHooks": [],
      "afterHooks": [],
      "tests": [],
      "suites": [
        {
          "uuid": "9bd7be88-3121-47f3-a45a-9ed902f77c34",
          "title": "Buscar dispositivos",
          "fullFile": "",
          "file": "",
          "beforeHooks": [],
          "afterHooks": [],
          "tests": [
            {
              "title": "Buscar um dispositivo especifico",
              "fullTitle": "Buscar dispositivos Buscar um dispositivo especifico",
              "timedOut": null,
              "duration": 561,
              "state": "passed",
              "speed": "fast",
              "pass": true,
              "fail": false,
              "pending": false,
              "context": null,
              "code": "const device_id = '8';\ncy.buscarDeviceespecifico(device_id).as('ResultGet');\ncy.get('@ResultGet').then(response => {\n  expect(response.status).equal(200);\n  expect(response.body.id).equal(device_id);\n  expect(response.body.name).equal(\"Apple Watch Series 8\");\n  expect(response.body).not.empty; //verificar se o body não é vazio, o empty só serve para strings\n});",
              "err": {},
              "uuid": "fc052e6e-6995-4d58-a7d9-a3d01aa32500",
              "parentUUID": "9bd7be88-3121-47f3-a45a-9ed902f77c34",
              "isHook": false,
              "skipped": false
            },
            {
              "title": "Buscar um device inexistentte",
              "fullTitle": "Buscar dispositivos Buscar um device inexistentte",
              "timedOut": null,
              "duration": 508,
              "state": "passed",
              "speed": "fast",
              "pass": true,
              "fail": false,
              "pending": false,
              "context": null,
              "code": "const device_id = 'xct';\ncy.buscarDeviceespecifico(device_id).as('ResultGet');\ncy.get('@ResultGet').then(response => {\n  expect(response.status).equal(404);\n  expect(response.body.error).equal(`Oject with id=${device_id} was not found.`);\n});",
              "err": {},
              "uuid": "7495bdfc-9093-44c4-9fec-93ae06c7bab8",
              "parentUUID": "9bd7be88-3121-47f3-a45a-9ed902f77c34",
              "isHook": false,
              "skipped": false
            }
          ],
          "suites": [],
          "passes": [
            "fc052e6e-6995-4d58-a7d9-a3d01aa32500",
            "7495bdfc-9093-44c4-9fec-93ae06c7bab8"
          ],
          "failures": [],
          "pending": [],
          "skipped": [],
          "duration": 1069,
          "root": false,
          "rootEmpty": false,
          "_timeout": 2000
        }
      ],
      "passes": [],
      "failures": [],
      "pending": [],
      "skipped": [],
      "duration": 0,
      "root": true,
      "rootEmpty": true,
      "_timeout": 2000
    }
  ],
  "meta": {
    "mocha": {
      "version": "7.2.0"
    },
    "mochawesome": {
      "options": {
        "quiet": false,
        "reportFilename": "mochawesome",
        "saveHtml": false,
        "saveJson": true,
        "consoleReporter": "spec",
        "useInlineDiffs": false,
        "code": true
      },
      "version": "7.1.3"
    },
    "marge": {
      "options": {
        "overwrite": false,
        "html": false,
        "json": true,
        "reportDir": "cypress\\reports\\html\\.jsons"
      },
      "version": "6.2.0"
    }
  }
}