{
  "stats": {
    "suites": 1,
    "tests": 2,
    "passes": 2,
    "pending": 0,
    "failures": 0,
    "start": "2025-08-20T21:46:38.609Z",
    "end": "2025-08-20T21:46:40.486Z",
    "duration": 1877,
    "testsRegistered": 2,
    "passPercent": 100,
    "pendingPercent": 0,
    "other": 0,
    "hasOther": false,
    "skipped": 0,
    "hasSkipped": false
  },
  "results": [
    {
      "uuid": "095daa60-9cdd-4189-a826-b627506c32eb",
      "title": "",
      "fullFile": "cypress\\e2e\\delete.api.cy.js",
      "file": "cypress\\e2e\\delete.api.cy.js",
      "beforeHooks": [],
      "afterHooks": [],
      "tests": [],
      "suites": [
        {
          "uuid": "88ce7866-d29c-4800-9111-917655c78875",
          "title": "Delete",
          "fullFile": "",
          "file": "",
          "beforeHooks": [],
          "afterHooks": [],
          "tests": [
            {
              "title": "Deletar um dispositivo",
              "fullTitle": "Delete Deletar um dispositivo",
              "timedOut": null,
              "duration": 1276,
              "state": "passed",
              "speed": "fast",
              "pass": true,
              "fail": false,
              "pending": false,
              "context": null,
              "code": "cy.CadastrarDevice(body).as(\"ResultPost\");\ncy.get(\"@ResultPost\").then(response => {\n  expect(response.status).equal(200);\n  const id = response.body.id;\n  cy.DeleteDevice(id).as('ResultDelete');\n  cy.get('@ResultDelete').then(response_del => {\n    expect(response_del.status).to.equal(200);\n    expect(response_del.body.message).to.exist;\n  });\n});",
              "err": {},
              "uuid": "fdb68507-3a30-465d-83e4-d8809ce16d58",
              "parentUUID": "88ce7866-d29c-4800-9111-917655c78875",
              "isHook": false,
              "skipped": false
            },
            {
              "title": "Deletando um dispositivo não existente",
              "fullTitle": "Delete Deletando um dispositivo não existente",
              "timedOut": null,
              "duration": 548,
              "state": "passed",
              "speed": "fast",
              "pass": true,
              "fail": false,
              "pending": false,
              "context": null,
              "code": "const id_inexistente = 'bruno87878';\ncy.DeleteDevice(id_inexistente).as('ResultDelete');\ncy.get('@ResultDelete').then(response_del => {\n  expect(response_del.status).equal(404);\n  expect(response_del.body.error).equal(`Object with id = ${id_inexistente} doesn't exist.`);\n});",
              "err": {},
              "uuid": "12c7ebcf-25e3-4375-8660-546d2c6439d0",
              "parentUUID": "88ce7866-d29c-4800-9111-917655c78875",
              "isHook": false,
              "skipped": false
            }
          ],
          "suites": [],
          "passes": [
            "fdb68507-3a30-465d-83e4-d8809ce16d58",
            "12c7ebcf-25e3-4375-8660-546d2c6439d0"
          ],
          "failures": [],
          "pending": [],
          "skipped": [],
          "duration": 1824,
          "root": false,
          "rootEmpty": false,
          "_timeout": 2000
        }
      ],
      "passes": [],
      "failures": [],
      "pending": [],
      "skipped": [],
      "duration": 0,
      "root": true,
      "rootEmpty": true,
      "_timeout": 2000
    }
  ],
  "meta": {
    "mocha": {
      "version": "7.2.0"
    },
    "mochawesome": {
      "options": {
        "quiet": false,
        "reportFilename": "mochawesome",
        "saveHtml": false,
        "saveJson": true,
        "consoleReporter": "spec",
        "useInlineDiffs": false,
        "code": true
      },
      "version": "7.1.3"
    },
    "marge": {
      "options": {
        "overwrite": false,
        "html": false,
        "json": true,
        "reportDir": "cypress\\reports\\html\\.jsons"
      },
      "version": "6.2.0"
    }
  }
}