{
  "stats": {
    "suites": 1,
    "tests": 2,
    "passes": 2,
    "pending": 0,
    "failures": 0,
    "start": "2026-01-26T17:56:40.117Z",
    "end": "2026-01-26T17:56:41.851Z",
    "duration": 1734,
    "testsRegistered": 2,
    "passPercent": 100,
    "pendingPercent": 0,
    "other": 0,
    "hasOther": false,
    "skipped": 0,
    "hasSkipped": false
  },
  "results": [
    {
      "uuid": "5a34ace5-c7ec-4dfb-a75f-989391987974",
      "title": "",
      "fullFile": "cypress/e2e/delete.api.cy.js",
      "file": "cypress/e2e/delete.api.cy.js",
      "beforeHooks": [],
      "afterHooks": [],
      "tests": [],
      "suites": [
        {
          "uuid": "6bc9892c-1235-4759-8bf7-d3681d16a17b",
          "title": "Delete",
          "fullFile": "",
          "file": "",
          "beforeHooks": [],
          "afterHooks": [],
          "tests": [
            {
              "title": "Deletar um dispositivo",
              "fullTitle": "Delete Deletar um dispositivo",
              "timedOut": null,
              "duration": 1153,
              "state": "passed",
              "speed": "fast",
              "pass": true,
              "fail": false,
              "pending": false,
              "context": null,
              "code": "cy.CadastrarDevice(body).as(\"ResultPost\");\ncy.get(\"@ResultPost\").then(response => {\n  expect(response.status).equal(200);\n  id = response.body.id;\n  cy.DeleteDevice(id).as('ResultDelete');\n  cy.get('@ResultDelete').then(response_del => {\n    expect(response_del.status).to.equal(200);\n    expect(response_del.body.message).to.exist;\n  });\n});",
              "err": {},
              "uuid": "3cdf99e3-f4a8-49fa-919a-d96d3a05f448",
              "parentUUID": "6bc9892c-1235-4759-8bf7-d3681d16a17b",
              "isHook": false,
              "skipped": false
            },
            {
              "title": "Deletando um dispositivo não existente",
              "fullTitle": "Delete Deletando um dispositivo não existente",
              "timedOut": null,
              "duration": 550,
              "state": "passed",
              "speed": "fast",
              "pass": true,
              "fail": false,
              "pending": false,
              "context": null,
              "code": "const id_inexistente = 'bruno87878';\ncy.DeleteDevice(id_inexistente).as('ResultDelete');\ncy.get('@ResultDelete').then(response_del => {\n  expect(response_del.status).equal(404);\n  expect(response_del.body.error).equal(`Object with id = ${id_inexistente} doesn't exist.`);\n});",
              "err": {},
              "uuid": "5b09c2e4-4ac6-4604-a756-9e5f7f884c9d",
              "parentUUID": "6bc9892c-1235-4759-8bf7-d3681d16a17b",
              "isHook": false,
              "skipped": false
            }
          ],
          "suites": [],
          "passes": [
            "3cdf99e3-f4a8-49fa-919a-d96d3a05f448",
            "5b09c2e4-4ac6-4604-a756-9e5f7f884c9d"
          ],
          "failures": [],
          "pending": [],
          "skipped": [],
          "duration": 1703,
          "root": false,
          "rootEmpty": false,
          "_timeout": 2000
        }
      ],
      "passes": [],
      "failures": [],
      "pending": [],
      "skipped": [],
      "duration": 0,
      "root": true,
      "rootEmpty": true,
      "_timeout": 2000
    }
  ],
  "meta": {
    "mocha": {
      "version": "7.2.0"
    },
    "mochawesome": {
      "options": {
        "quiet": false,
        "reportFilename": "mochawesome",
        "saveHtml": false,
        "saveJson": true,
        "consoleReporter": "spec",
        "useInlineDiffs": false,
        "code": true
      },
      "version": "7.1.3"
    },
    "marge": {
      "options": {
        "overwrite": false,
        "html": false,
        "json": true,
        "reportDir": "cypress/reports/html/.jsons"
      },
      "version": "6.2.0"
    }
  }
}