{
  "stats": {
    "suites": 1,
    "tests": 2,
    "passes": 2,
    "pending": 0,
    "failures": 0,
    "start": "2025-08-20T21:46:47.090Z",
    "end": "2025-08-20T21:46:48.863Z",
    "duration": 1773,
    "testsRegistered": 2,
    "passPercent": 100,
    "pendingPercent": 0,
    "other": 0,
    "hasOther": false,
    "skipped": 0,
    "hasSkipped": false
  },
  "results": [
    {
      "uuid": "2b229824-8e3e-44e0-9459-c8a67178c4d3",
      "title": "",
      "fullFile": "cypress\\e2e\\post.api.cy.js",
      "file": "cypress\\e2e\\post.api.cy.js",
      "beforeHooks": [],
      "afterHooks": [],
      "tests": [],
      "suites": [
        {
          "uuid": "6af79038-391e-4d8b-b05f-052b292ca5ce",
          "title": "Criar um dispositivo",
          "fullFile": "",
          "file": "",
          "beforeHooks": [],
          "afterHooks": [],
          "tests": [
            {
              "title": "Criando um dispositivo",
              "fullTitle": "Criar um dispositivo Criando um dispositivo",
              "timedOut": null,
              "duration": 1190,
              "state": "passed",
              "speed": "fast",
              "pass": true,
              "fail": false,
              "pending": false,
              "context": null,
              "code": "cy.CadastrarDevice(body).as(\"ResultPost\");\ncy.get(\"@ResultPost\").then(response => {\n  expect(response.status).equal(200);\n  expect(response.body.id).not.empty;\n  expect(response.body.createdAt).not.empty;\n  expect(response.body.createdAt.slice(0, 10)).equal(dataAtual);\n  //verificar se a data de criação é a mesma de hoje\n  console.log(response.body.createdAt.slice(0, 10));\n  console.log(new Date().toISOString().slice(0, 10)); //retorna a data de hoje sem o horário\n});",
              "err": {},
              "uuid": "1113f066-b100-419e-a236-9c5d7295bd8d",
              "parentUUID": "6af79038-391e-4d8b-b05f-052b292ca5ce",
              "isHook": false,
              "skipped": false
            },
            {
              "title": "Cadastrar um dispositivo sem mandar dados",
              "fullTitle": "Criar um dispositivo Cadastrar um dispositivo sem mandar dados",
              "timedOut": null,
              "duration": 528,
              "state": "passed",
              "speed": "fast",
              "pass": true,
              "fail": false,
              "pending": false,
              "context": null,
              "code": "cy.CadastrarDevice().as(\"ResultPost\");\ncy.get(\"@ResultPost\").then(response => {\n  expect(response.status).equal(400);\n  expect(response.body.error).equal(\"400 Bad Request. If you are trying to create or update the data, potential issue is that you are sending incorrect body json or it is missing at all.\");\n});",
              "err": {},
              "uuid": "88834cde-5383-4ba7-a6e2-30475e4dbba2",
              "parentUUID": "6af79038-391e-4d8b-b05f-052b292ca5ce",
              "isHook": false,
              "skipped": false
            }
          ],
          "suites": [],
          "passes": [
            "1113f066-b100-419e-a236-9c5d7295bd8d",
            "88834cde-5383-4ba7-a6e2-30475e4dbba2"
          ],
          "failures": [],
          "pending": [],
          "skipped": [],
          "duration": 1718,
          "root": false,
          "rootEmpty": false,
          "_timeout": 2000
        }
      ],
      "passes": [],
      "failures": [],
      "pending": [],
      "skipped": [],
      "duration": 0,
      "root": true,
      "rootEmpty": true,
      "_timeout": 2000
    }
  ],
  "meta": {
    "mocha": {
      "version": "7.2.0"
    },
    "mochawesome": {
      "options": {
        "quiet": false,
        "reportFilename": "mochawesome",
        "saveHtml": false,
        "saveJson": true,
        "consoleReporter": "spec",
        "useInlineDiffs": false,
        "code": true
      },
      "version": "7.1.3"
    },
    "marge": {
      "options": {
        "overwrite": false,
        "html": false,
        "json": true,
        "reportDir": "cypress\\reports\\html\\.jsons"
      },
      "version": "6.2.0"
    }
  }
}