{
  "stats": {
    "suites": 1,
    "tests": 2,
    "passes": 2,
    "pending": 0,
    "failures": 0,
    "start": "2026-01-26T17:56:42.372Z",
    "end": "2026-01-26T17:56:43.309Z",
    "duration": 937,
    "testsRegistered": 2,
    "passPercent": 100,
    "pendingPercent": 0,
    "other": 0,
    "hasOther": false,
    "skipped": 0,
    "hasSkipped": false
  },
  "results": [
    {
      "uuid": "4cc41224-0987-47a9-b62a-fce3e9325fc1",
      "title": "",
      "fullFile": "cypress/e2e/get.api.cy.js",
      "file": "cypress/e2e/get.api.cy.js",
      "beforeHooks": [],
      "afterHooks": [],
      "tests": [],
      "suites": [
        {
          "uuid": "90e7a4b2-dfba-449d-b9d6-95c9e925e44e",
          "title": "Buscar dispositivos",
          "fullFile": "",
          "file": "",
          "beforeHooks": [],
          "afterHooks": [],
          "tests": [
            {
              "title": "Buscar um dispositivo especifico",
              "fullTitle": "Buscar dispositivos Buscar um dispositivo especifico",
              "timedOut": null,
              "duration": 448,
              "state": "passed",
              "speed": "fast",
              "pass": true,
              "fail": false,
              "pending": false,
              "context": null,
              "code": "device_id = \"8\";\ncy.buscarDeviceespecifico(device_id).as('ResultGet');\ncy.get('@ResultGet').then(response => {\n  expect(response.status).equal(200);\n  expect(response.body.id).equal(device_id);\n  expect(response.body.name).equal(\"Apple Watch Series 8\");\n  expect(response.body).not.empty; //verificar se o body não é vazio, o empty só serve para strings\n});",
              "err": {},
              "uuid": "9bda4274-05bf-4f2d-b761-c8be59882e8e",
              "parentUUID": "90e7a4b2-dfba-449d-b9d6-95c9e925e44e",
              "isHook": false,
              "skipped": false
            },
            {
              "title": "Buscar um device inexistentte",
              "fullTitle": "Buscar dispositivos Buscar um device inexistentte",
              "timedOut": null,
              "duration": 463,
              "state": "passed",
              "speed": "fast",
              "pass": true,
              "fail": false,
              "pending": false,
              "context": null,
              "code": "device_id = \"bru\";\ncy.buscarDeviceespecifico(device_id).as('ResultGet');\ncy.get('@ResultGet').then(response => {\n  expect(response.status).equal(404);\n  expect(response.body.error).equal(`Oject with id=${device_id} was not found.`);\n});",
              "err": {},
              "uuid": "b59d7abb-4e54-4e8d-bc18-9ee800a1bacf",
              "parentUUID": "90e7a4b2-dfba-449d-b9d6-95c9e925e44e",
              "isHook": false,
              "skipped": false
            }
          ],
          "suites": [],
          "passes": [
            "9bda4274-05bf-4f2d-b761-c8be59882e8e",
            "b59d7abb-4e54-4e8d-bc18-9ee800a1bacf"
          ],
          "failures": [],
          "pending": [],
          "skipped": [],
          "duration": 911,
          "root": false,
          "rootEmpty": false,
          "_timeout": 2000
        }
      ],
      "passes": [],
      "failures": [],
      "pending": [],
      "skipped": [],
      "duration": 0,
      "root": true,
      "rootEmpty": true,
      "_timeout": 2000
    }
  ],
  "meta": {
    "mocha": {
      "version": "7.2.0"
    },
    "mochawesome": {
      "options": {
        "quiet": false,
        "reportFilename": "mochawesome",
        "saveHtml": false,
        "saveJson": true,
        "consoleReporter": "spec",
        "useInlineDiffs": false,
        "code": true
      },
      "version": "7.1.3"
    },
    "marge": {
      "options": {
        "overwrite": false,
        "html": false,
        "json": true,
        "reportDir": "cypress/reports/html/.jsons"
      },
      "version": "6.2.0"
    }
  }
}